-Xajruntimetarget:1.5
-Xlint:ignore
-11
-encoding
UTF-8
-showWeaveInfo
-source
11
-target
11
-verbose
-classpath
C:\Users\meenakshichauhan\.m2\repository\org\aeonbits\owner\owner\1.0.9\owner-1.0.9.jar;C:\Users\meenakshichauhan\.m2\repository\com\google\guava\guava\29.0-jre\guava-29.0-jre.jar;C:\Users\meenakshichauhan\.m2\repository\com\google\guava\failureaccess\1.0.1\failureaccess-1.0.1.jar;C:\Users\meenakshichauhan\.m2\repository\com\google\guava\listenablefuture\9999.0-empty-to-avoid-conflict-with-guava\listenablefuture-9999.0-empty-to-avoid-conflict-with-guava.jar;C:\Users\meenakshichauhan\.m2\repository\com\google\code\findbugs\jsr305\3.0.2\jsr305-3.0.2.jar;C:\Users\meenakshichauhan\.m2\repository\org\checkerframework\checker-qual\2.11.1\checker-qual-2.11.1.jar;C:\Users\meenakshichauhan\.m2\repository\com\google\errorprone\error_prone_annotations\2.3.4\error_prone_annotations-2.3.4.jar;C:\Users\meenakshichauhan\.m2\repository\com\google\j2objc\j2objc-annotations\1.3\j2objc-annotations-1.3.jar;C:\Users\meenakshichauhan\.m2\repository\org\apache\commons\commons-lang3\3.5\commons-lang3-3.5.jar;C:\Users\meenakshichauhan\.m2\repository\org\slf4j\slf4j-api\1.7.25\slf4j-api-1.7.25.jar;C:\Users\meenakshichauhan\.m2\repository\org\aspectj\aspectjrt\1.9.8.M1\aspectjrt-1.9.8.M1.jar;C:\Users\meenakshichauhan\.m2\repository\org\eclipse\persistence\org.eclipse.persistence.moxy\2.5.2\org.eclipse.persistence.moxy-2.5.2.jar;C:\Users\meenakshichauhan\.m2\repository\org\eclipse\persistence\org.eclipse.persistence.core\2.5.2\org.eclipse.persistence.core-2.5.2.jar;C:\Users\meenakshichauhan\.m2\repository\org\eclipse\persistence\org.eclipse.persistence.asm\2.5.2\org.eclipse.persistence.asm-2.5.2.jar;C:\Users\meenakshichauhan\.m2\repository\org\eclipse\persistence\org.eclipse.persistence.antlr\2.5.2\org.eclipse.persistence.antlr-2.5.2.jar;C:\Users\meenakshichauhan\.m2\repository\org\reflections\reflections\0.9.11\reflections-0.9.11.jar;C:\Users\meenakshichauhan\.m2\repository\org\javassist\javassist\3.21.0-GA\javassist-3.21.0-GA.jar;C:\Users\meenakshichauhan\.m2\repository\com\opencsv\opencsv\4.1\opencsv-4.1.jar;C:\Users\meenakshichauhan\.m2\repository\org\apache\commons\commons-text\1.1\commons-text-1.1.jar;C:\Users\meenakshichauhan\.m2\repository\commons-beanutils\commons-beanutils\1.9.3\commons-beanutils-1.9.3.jar;C:\Users\meenakshichauhan\.m2\repository\commons-logging\commons-logging\1.2\commons-logging-1.2.jar;C:\Users\meenakshichauhan\.m2\repository\commons-collections\commons-collections\3.2.2\commons-collections-3.2.2.jar;C:\Users\meenakshichauhan\.m2\repository\org\apache\poi\poi\4.1.2\poi-4.1.2.jar;C:\Users\meenakshichauhan\.m2\repository\commons-codec\commons-codec\1.13\commons-codec-1.13.jar;C:\Users\meenakshichauhan\.m2\repository\org\apache\commons\commons-collections4\4.4\commons-collections4-4.4.jar;C:\Users\meenakshichauhan\.m2\repository\org\apache\commons\commons-math3\3.6.1\commons-math3-3.6.1.jar;C:\Users\meenakshichauhan\.m2\repository\com\zaxxer\SparseBitSet\1.2\SparseBitSet-1.2.jar;C:\Users\meenakshichauhan\.m2\repository\org\apache\poi\poi-ooxml\4.1.2\poi-ooxml-4.1.2.jar;C:\Users\meenakshichauhan\.m2\repository\org\apache\commons\commons-compress\1.19\commons-compress-1.19.jar;C:\Users\meenakshichauhan\.m2\repository\com\github\virtuald\curvesapi\1.06\curvesapi-1.06.jar;C:\Users\meenakshichauhan\.m2\repository\org\seleniumhq\selenium\selenium-remote-driver\3.141.59\selenium-remote-driver-3.141.59.jar;C:\Users\meenakshichauhan\.m2\repository\org\seleniumhq\selenium\selenium-api\3.141.59\selenium-api-3.141.59.jar;C:\Users\meenakshichauhan\.m2\repository\net\bytebuddy\byte-buddy\1.8.15\byte-buddy-1.8.15.jar;C:\Users\meenakshichauhan\.m2\repository\org\apache\commons\commons-exec\1.3\commons-exec-1.3.jar;C:\Users\meenakshichauhan\.m2\repository\com\squareup\okhttp3\okhttp\4.9.0\okhttp-4.9.0.jar;C:\Users\meenakshichauhan\.m2\repository\com\squareup\okio\okio\1.14.0\okio-1.14.0.jar;C:\Users\meenakshichauhan\.m2\repository\net\iharder\base64\2.3.8\base64-2.3.8.jar;C:\Users\meenakshichauhan\.m2\repository\commons-io\commons-io\2.6\commons-io-2.6.jar;C:\Users\meenakshichauhan\.m2\repository\org\glassfish\jaxb\jaxb-runtime\2.3.3\jaxb-runtime-2.3.3.jar;C:\Users\meenakshichauhan\.m2\repository\jakarta\xml\bind\jakarta.xml.bind-api\2.3.3\jakarta.xml.bind-api-2.3.3.jar;C:\Users\meenakshichauhan\.m2\repository\org\glassfish\jaxb\txw2\2.3.3\txw2-2.3.3.jar;C:\Users\meenakshichauhan\.m2\repository\com\sun\istack\istack-commons-runtime\3.0.11\istack-commons-runtime-3.0.11.jar;C:\Users\meenakshichauhan\.m2\repository\org\seleniumhq\selenium\selenium-java\3.141.59\selenium-java-3.141.59.jar;C:\Users\meenakshichauhan\.m2\repository\org\seleniumhq\selenium\selenium-chrome-driver\3.141.59\selenium-chrome-driver-3.141.59.jar;C:\Users\meenakshichauhan\.m2\repository\org\seleniumhq\selenium\selenium-edge-driver\3.141.59\selenium-edge-driver-3.141.59.jar;C:\Users\meenakshichauhan\.m2\repository\org\seleniumhq\selenium\selenium-firefox-driver\3.141.59\selenium-firefox-driver-3.141.59.jar;C:\Users\meenakshichauhan\.m2\repository\org\seleniumhq\selenium\selenium-ie-driver\3.141.59\selenium-ie-driver-3.141.59.jar;C:\Users\meenakshichauhan\.m2\repository\org\seleniumhq\selenium\selenium-opera-driver\3.141.59\selenium-opera-driver-3.141.59.jar;C:\Users\meenakshichauhan\.m2\repository\org\seleniumhq\selenium\selenium-safari-driver\3.141.59\selenium-safari-driver-3.141.59.jar;C:\Users\meenakshichauhan\.m2\repository\org\seleniumhq\selenium\selenium-support\3.141.59\selenium-support-3.141.59.jar;C:\Users\meenakshichauhan\.m2\repository\org\apache\poi\poi-ooxml-schemas\4.1.2\poi-ooxml-schemas-4.1.2.jar;C:\Users\meenakshichauhan\.m2\repository\org\apache\xmlbeans\xmlbeans\3.1.0\xmlbeans-3.1.0.jar;C:\Users\meenakshichauhan\.m2\repository\org\apache\poi\poi-scratchpad\4.1.2\poi-scratchpad-4.1.2.jar;C:\Users\meenakshichauhan\.m2\repository\org\apache\poi\ooxml-schemas\1.4\ooxml-schemas-1.4.jar;C:\Users\meenakshichauhan\.m2\repository\org\apache\poi\openxml4j\1.0-beta\openxml4j-1.0-beta.jar;C:\Users\meenakshichauhan\.m2\repository\dom4j\dom4j\1.6.1\dom4j-1.6.1.jar;C:\Users\meenakshichauhan\.m2\repository\xml-apis\xml-apis\1.0.b2\xml-apis-1.0.b2.jar;C:\Users\meenakshichauhan\.m2\repository\log4j\log4j\1.2.8\log4j-1.2.8.jar;C:\Users\meenakshichauhan\.m2\repository\com\google\code\gson\gson\2.8.6\gson-2.8.6.jar;C:\Users\meenakshichauhan\.m2\repository\com\google\inject\guice\4.2.3\guice-4.2.3.jar;C:\Users\meenakshichauhan\.m2\repository\javax\inject\javax.inject\1\javax.inject-1.jar;C:\Users\meenakshichauhan\.m2\repository\aopalliance\aopalliance\1.0\aopalliance-1.0.jar;C:\Users\meenakshichauhan\.m2\repository\com\github\pemistahl\lingua\1.0.2\lingua-1.0.2.jar;C:\Users\meenakshichauhan\.m2\repository\org\jetbrains\kotlin\kotlin-stdlib\1.3.72\kotlin-stdlib-1.3.72.jar;C:\Users\meenakshichauhan\.m2\repository\org\jetbrains\kotlin\kotlin-stdlib-common\1.3.72\kotlin-stdlib-common-1.3.72.jar;C:\Users\meenakshichauhan\.m2\repository\org\jetbrains\annotations\13.0\annotations-13.0.jar;C:\Users\meenakshichauhan\Desktop\ALM_Workspace\ALM-automation\core\driven-core\target\classes
-d
C:\Users\meenakshichauhan\Desktop\ALM_Workspace\ALM-automation\core\driven-core\target\classes
-s
C:\Users\meenakshichauhan\Desktop\ALM_Workspace\ALM-automation\core\driven-core\target\generated-sources\aspectj-maven-plugin
C:\Users\meenakshichauhan\Desktop\ALM_Workspace\ALM-automation\core\driven-core\src\main\java\com\nagarro\driven\core\config\CoreConfig.java
C:\Users\meenakshichauhan\Desktop\ALM_Workspace\ALM-automation\core\driven-core\src\main\java\com\nagarro\driven\core\config\PathConverter.java
C:\Users\meenakshichauhan\Desktop\ALM_Workspace\ALM-automation\core\driven-core\src\main\java\com\nagarro\driven\core\constant\FrameworkCoreConstant.java
C:\Users\meenakshichauhan\Desktop\ALM_Workspace\ALM-automation\core\driven-core\src\main\java\com\nagarro\driven\core\driver\AbstractDriverProvider.java
C:\Users\meenakshichauhan\Desktop\ALM_Workspace\ALM-automation\core\driven-core\src\main\java\com\nagarro\driven\core\driver\api\DriverOptions.java
C:\Users\meenakshichauhan\Desktop\ALM_Workspace\ALM-automation\core\driven-core\src\main\java\com\nagarro\driven\core\driver\api\IDriver.java
C:\Users\meenakshichauhan\Desktop\ALM_Workspace\ALM-automation\core\driven-core\src\main\java\com\nagarro\driven\core\driver\api\IDriverFactory.java
C:\Users\meenakshichauhan\Desktop\ALM_Workspace\ALM-automation\core\driven-core\src\main\java\com\nagarro\driven\core\guice\AbstractClientProvider.java
C:\Users\meenakshichauhan\Desktop\ALM_Workspace\ALM-automation\core\driven-core\src\main\java\com\nagarro\driven\core\guice\ThreadLocalScope.java
C:\Users\meenakshichauhan\Desktop\ALM_Workspace\ALM-automation\core\driven-core\src\main\java\com\nagarro\driven\core\guice\ThreadLocalScoped.java
C:\Users\meenakshichauhan\Desktop\ALM_Workspace\ALM-automation\core\driven-core\src\main\java\com\nagarro\driven\core\guice\ThreadLocalScopeModule.java
C:\Users\meenakshichauhan\Desktop\ALM_Workspace\ALM-automation\core\driven-core\src\main\java\com\nagarro\driven\core\Identifier.java
C:\Users\meenakshichauhan\Desktop\ALM_Workspace\ALM-automation\core\driven-core\src\main\java\com\nagarro\driven\core\ITestCaseCount.java
C:\Users\meenakshichauhan\Desktop\ALM_Workspace\ALM-automation\core\driven-core\src\main\java\com\nagarro\driven\core\localization\LocalizationProvider.java
C:\Users\meenakshichauhan\Desktop\ALM_Workspace\ALM-automation\core\driven-core\src\main\java\com\nagarro\driven\core\localization\models\LocaleString.java
C:\Users\meenakshichauhan\Desktop\ALM_Workspace\ALM-automation\core\driven-core\src\main\java\com\nagarro\driven\core\localization\models\LocalisedModules.java
C:\Users\meenakshichauhan\Desktop\ALM_Workspace\ALM-automation\core\driven-core\src\main\java\com\nagarro\driven\core\reporting\api\IReporter.java
C:\Users\meenakshichauhan\Desktop\ALM_Workspace\ALM-automation\core\driven-core\src\main\java\com\nagarro\driven\core\reporting\api\IReportManager.java
C:\Users\meenakshichauhan\Desktop\ALM_Workspace\ALM-automation\core\driven-core\src\main\java\com\nagarro\driven\core\reporting\api\ISnapshotter.java
C:\Users\meenakshichauhan\Desktop\ALM_Workspace\ALM-automation\core\driven-core\src\main\java\com\nagarro\driven\core\reporting\api\ITest.java
C:\Users\meenakshichauhan\Desktop\ALM_Workspace\ALM-automation\core\driven-core\src\main\java\com\nagarro\driven\core\reporting\api\KeywordReporting.java
C:\Users\meenakshichauhan\Desktop\ALM_Workspace\ALM-automation\core\driven-core\src\main\java\com\nagarro\driven\core\reporting\api\KeywordReportingImpl.java
C:\Users\meenakshichauhan\Desktop\ALM_Workspace\ALM-automation\core\driven-core\src\main\java\com\nagarro\driven\core\reporting\api\TestReport.java
C:\Users\meenakshichauhan\Desktop\ALM_Workspace\ALM-automation\core\driven-core\src\main\java\com\nagarro\driven\core\reporting\api\TestReportLogger.java
C:\Users\meenakshichauhan\Desktop\ALM_Workspace\ALM-automation\core\driven-core\src\main\java\com\nagarro\driven\core\reporting\api\TestStatus.java
C:\Users\meenakshichauhan\Desktop\ALM_Workspace\ALM-automation\core\driven-core\src\main\java\com\nagarro\driven\core\reporting\screenshot\ScreenshotEvent.java
C:\Users\meenakshichauhan\Desktop\ALM_Workspace\ALM-automation\core\driven-core\src\main\java\com\nagarro\driven\core\reporting\screenshot\Screenshotter.java
C:\Users\meenakshichauhan\Desktop\ALM_Workspace\ALM-automation\core\driven-core\src\main\java\com\nagarro\driven\core\reporting\screenshot\SnapshotterManager.java
C:\Users\meenakshichauhan\Desktop\ALM_Workspace\ALM-automation\core\driven-core\src\main\java\com\nagarro\driven\core\rest\api\ApiUtil.java
C:\Users\meenakshichauhan\Desktop\ALM_Workspace\ALM-automation\core\driven-core\src\main\java\com\nagarro\driven\core\rest\api\IApiRequest.java
C:\Users\meenakshichauhan\Desktop\ALM_Workspace\ALM-automation\core\driven-core\src\main\java\com\nagarro\driven\core\rest\api\IApiResponse.java
C:\Users\meenakshichauhan\Desktop\ALM_Workspace\ALM-automation\core\driven-core\src\main\java\com\nagarro\driven\core\Scope.java
C:\Users\meenakshichauhan\Desktop\ALM_Workspace\ALM-automation\core\driven-core\src\main\java\com\nagarro\driven\core\util\Activatable.java
C:\Users\meenakshichauhan\Desktop\ALM_Workspace\ALM-automation\core\driven-core\src\main\java\com\nagarro\driven\core\util\AutomationFrameworkException.java
C:\Users\meenakshichauhan\Desktop\ALM_Workspace\ALM-automation\core\driven-core\src\main\java\com\nagarro\driven\core\util\Cleanable.java
C:\Users\meenakshichauhan\Desktop\ALM_Workspace\ALM-automation\core\driven-core\src\main\java\com\nagarro\driven\core\util\ClipboardUtil.java
C:\Users\meenakshichauhan\Desktop\ALM_Workspace\ALM-automation\core\driven-core\src\main\java\com\nagarro\driven\core\util\CSVutil.java
C:\Users\meenakshichauhan\Desktop\ALM_Workspace\ALM-automation\core\driven-core\src\main\java\com\nagarro\driven\core\util\DateUtil.java
C:\Users\meenakshichauhan\Desktop\ALM_Workspace\ALM-automation\core\driven-core\src\main\java\com\nagarro\driven\core\util\EventBusHolder.java
C:\Users\meenakshichauhan\Desktop\ALM_Workspace\ALM-automation\core\driven-core\src\main\java\com\nagarro\driven\core\util\LoggingUtil.java
C:\Users\meenakshichauhan\Desktop\ALM_Workspace\ALM-automation\core\driven-core\src\main\java\com\nagarro\driven\core\util\ReportUtil.java
C:\Users\meenakshichauhan\Desktop\ALM_Workspace\ALM-automation\core\driven-core\src\main\java\com\nagarro\driven\core\util\SerializationUtil.java
C:\Users\meenakshichauhan\Desktop\ALM_Workspace\ALM-automation\core\driven-core\src\main\java\com\nagarro\driven\core\util\Sleeper.java
C:\Users\meenakshichauhan\Desktop\ALM_Workspace\ALM-automation\core\driven-core\src\main\java\com\nagarro\driven\core\util\SleepReason.java
C:\Users\meenakshichauhan\Desktop\ALM_Workspace\ALM-automation\core\driven-core\src\main\java\com\nagarro\driven\core\util\SleepReasons.java
C:\Users\meenakshichauhan\Desktop\ALM_Workspace\ALM-automation\core\driven-core\src\main\java\com\nagarro\driven\core\util\StringUtilities.java
C:\Users\meenakshichauhan\Desktop\ALM_Workspace\ALM-automation\core\driven-core\src\main\java\com\nagarro\driven\core\util\ThreadExecutor.java
C:\Users\meenakshichauhan\Desktop\ALM_Workspace\ALM-automation\core\driven-core\src\main\java\com\nagarro\driven\core\util\Waiter.java
C:\Users\meenakshichauhan\Desktop\ALM_Workspace\ALM-automation\core\driven-core\src\main\java\com\nagarro\driven\core\util\XlsUtil.java
C:\Users\meenakshichauhan\Desktop\ALM_Workspace\ALM-automation\core\driven-core\src\main\java\com\nagarro\driven\core\webdriver\AbstractWebDriver.java
C:\Users\meenakshichauhan\Desktop\ALM_Workspace\ALM-automation\core\driven-core\src\main\java\com\nagarro\driven\core\webdriver\AbstractWebDriverProvider.java
C:\Users\meenakshichauhan\Desktop\ALM_Workspace\ALM-automation\core\driven-core\src\main\java\com\nagarro\driven\core\webdriver\Browser.java
C:\Users\meenakshichauhan\Desktop\ALM_Workspace\ALM-automation\core\driven-core\src\main\java\com\nagarro\driven\core\webdriver\Driver.java
C:\Users\meenakshichauhan\Desktop\ALM_Workspace\ALM-automation\core\driven-core\src\main\java\com\nagarro\driven\core\webdriver\IWebDriverFactory.java
C:\Users\meenakshichauhan\Desktop\ALM_Workspace\ALM-automation\core\driven-core\src\main\java\com\nagarro\driven\core\weblocator\file\util\WebLocatorFiles.java
C:\Users\meenakshichauhan\Desktop\ALM_Workspace\ALM-automation\core\driven-core\src\main\java\com\nagarro\driven\core\weblocator\file\util\WebLocatorFileType.java
C:\Users\meenakshichauhan\Desktop\ALM_Workspace\ALM-automation\core\driven-core\src\main\java\com\nagarro\driven\core\weblocator\file\util\WebLocatorFileTypeFactory.java
C:\Users\meenakshichauhan\Desktop\ALM_Workspace\ALM-automation\core\driven-core\src\main\java\com\nagarro\driven\core\weblocator\file\util\WebLocatorJsonFile.java
C:\Users\meenakshichauhan\Desktop\ALM_Workspace\ALM-automation\core\driven-core\src\main\java\com\nagarro\driven\core\weblocator\file\util\WebLocatorXmlFile.java
C:\Users\meenakshichauhan\Desktop\ALM_Workspace\ALM-automation\core\driven-core\src\main\java\com\nagarro\driven\core\weblocator\model\Element.java
C:\Users\meenakshichauhan\Desktop\ALM_Workspace\ALM-automation\core\driven-core\src\main\java\com\nagarro\driven\core\weblocator\model\ElementProperty.java
C:\Users\meenakshichauhan\Desktop\ALM_Workspace\ALM-automation\core\driven-core\src\main\java\com\nagarro\driven\core\weblocator\model\Modules.java
